local buffer for processor 0 :393	456	11	42	229	373	421	919	784	537	198	324	315	370	
local buffer for processor 1 :383	886	777	915	793	335	386	492	649	421	362	27	
local buffer for processor 2 :690	59	763	926	540	426	172	736	211	368	567	429	
local buffer for processor 3 :782	530	862	123	67	135	929	802	22	58	69	167	
11
22
27
42
58
59
67
69
123
135
167
172
198
211
229
315
324
335
362
368
370
373
383
386
393
421
421
426
429
456
492
530
537
540
567
649
690
736
763
777
782
784
793
802
862
886
915
919
926
929
